[2012-02-24 14:13:46] INFO  WEBrick 1.3.1
[2012-02-24 14:13:46] INFO  ruby 1.8.7 (2011-02-18) [i686-darwin10.8.0]
[2012-02-24 14:13:46] INFO  WEBrick::HTTPServer#start: pid=16330 port=9292
[2012-02-24 14:14:42] INFO  going to shutdown ...
[2012-02-24 14:14:42] INFO  WEBrick::HTTPServer#start done.
[2012-02-24 14:14:43] INFO  WEBrick 1.3.1
[2012-02-24 14:14:43] INFO  ruby 1.8.7 (2011-02-18) [i686-darwin10.8.0]
[2012-02-24 14:14:43] INFO  WEBrick::HTTPServer#start: pid=16331 port=9292
ArgumentError - wrong number of arguments (0 for 1):
	./surf.rb:5:in `initialize'
	./surf.rb:5:in `new'
	./surf.rb:5:in `GET /'
	/Users/miker/.rvm/gems/ree-1.8.7-2011.03/gems/sinatra-1.3.2/lib/sinatra/base.rb:1211:in `call'
	/Users/miker/.rvm/gems/ree-1.8.7-2011.03/gems/sinatra-1.3.2/lib/sinatra/base.rb:1211:in `compile!'
	/Users/miker/.rvm/gems/ree-1.8.7-2011.03/gems/sinatra-1.3.2/lib/sinatra/base.rb:785:in `[]'
	/Users/miker/.rvm/gems/ree-1.8.7-2011.03/gems/sinatra-1.3.2/lib/sinatra/base.rb:785:in `route!'
	/Users/miker/.rvm/gems/ree-1.8.7-2011.03/gems/sinatra-1.3.2/lib/sinatra/base.rb:801:in `route_eval'
	/Users/miker/.rvm/gems/ree-1.8.7-2011.03/gems/sinatra-1.3.2/lib/sinatra/base.rb:785:in `route!'
	/Users/miker/.rvm/gems/ree-1.8.7-2011.03/gems/sinatra-1.3.2/lib/sinatra/base.rb:822:in `process_route'
	/Users/miker/.rvm/gems/ree-1.8.7-2011.03/gems/sinatra-1.3.2/lib/sinatra/base.rb:820:in `catch'
	/Users/miker/.rvm/gems/ree-1.8.7-2011.03/gems/sinatra-1.3.2/lib/sinatra/base.rb:820:in `process_route'
	/Users/miker/.rvm/gems/ree-1.8.7-2011.03/gems/sinatra-1.3.2/lib/sinatra/base.rb:784:in `route!'
	/Users/miker/.rvm/gems/ree-1.8.7-2011.03/gems/sinatra-1.3.2/lib/sinatra/base.rb:783:in `each'
	/Users/miker/.rvm/gems/ree-1.8.7-2011.03/gems/sinatra-1.3.2/lib/sinatra/base.rb:783:in `route!'
	/Users/miker/.rvm/gems/ree-1.8.7-2011.03/gems/sinatra-1.3.2/lib/sinatra/base.rb:886:in `dispatch!'
	/Users/miker/.rvm/gems/ree-1.8.7-2011.03/gems/sinatra-1.3.2/lib/sinatra/base.rb:719:in `call!'
	/Users/miker/.rvm/gems/ree-1.8.7-2011.03/gems/sinatra-1.3.2/lib/sinatra/base.rb:871:in `invoke'
	/Users/miker/.rvm/gems/ree-1.8.7-2011.03/gems/sinatra-1.3.2/lib/sinatra/base.rb:871:in `catch'
	/Users/miker/.rvm/gems/ree-1.8.7-2011.03/gems/sinatra-1.3.2/lib/sinatra/base.rb:871:in `invoke'
	/Users/miker/.rvm/gems/ree-1.8.7-2011.03/gems/sinatra-1.3.2/lib/sinatra/base.rb:719:in `call!'
	/Users/miker/.rvm/gems/ree-1.8.7-2011.03/gems/sinatra-1.3.2/lib/sinatra/base.rb:705:in `call'
	/Users/miker/.rvm/gems/ree-1.8.7-2011.03/gems/rack-protection-1.2.0/lib/rack/protection/xss_header.rb:22:in `call'
	/Users/miker/.rvm/gems/ree-1.8.7-2011.03/gems/rack-protection-1.2.0/lib/rack/protection/path_traversal.rb:16:in `call'
	/Users/miker/.rvm/gems/ree-1.8.7-2011.03/gems/rack-protection-1.2.0/lib/rack/protection/json_csrf.rb:17:in `call'
	/Users/miker/.rvm/gems/ree-1.8.7-2011.03/gems/rack-protection-1.2.0/lib/rack/protection/base.rb:47:in `call'
	/Users/miker/.rvm/gems/ree-1.8.7-2011.03/gems/rack-protection-1.2.0/lib/rack/protection/xss_header.rb:22:in `call'
	/Users/miker/.rvm/gems/ree-1.8.7-2011.03/gems/rack-1.4.0/lib/rack/nulllogger.rb:9:in `call'
	/Users/miker/.rvm/gems/ree-1.8.7-2011.03/gems/rack-1.4.0/lib/rack/head.rb:9:in `call'
	/Users/miker/.rvm/gems/ree-1.8.7-2011.03/gems/sinatra-1.3.2/lib/sinatra/showexceptions.rb:21:in `call'
	/Users/miker/.rvm/gems/ree-1.8.7-2011.03/gems/sinatra-1.3.2/lib/sinatra/base.rb:1334:in `call'
	/Users/miker/.rvm/gems/ree-1.8.7-2011.03/gems/sinatra-1.3.2/lib/sinatra/base.rb:1416:in `synchronize'
	/Users/miker/.rvm/gems/ree-1.8.7-2011.03/gems/sinatra-1.3.2/lib/sinatra/base.rb:1334:in `call'
	/Users/miker/.rvm/gems/ree-1.8.7-2011.03/gems/rack-1.4.0/lib/rack/lint.rb:48:in `_call'
	/Users/miker/.rvm/gems/ree-1.8.7-2011.03/gems/rack-1.4.0/lib/rack/lint.rb:36:in `call'
	/Users/miker/.rvm/gems/ree-1.8.7-2011.03/gems/rack-1.4.0/lib/rack/showexceptions.rb:24:in `call'
	/Users/miker/.rvm/gems/ree-1.8.7-2011.03/gems/rack-1.4.0/lib/rack/commonlogger.rb:20:in `call'
	/Users/miker/.rvm/gems/ree-1.8.7-2011.03/gems/rack-1.4.0/lib/rack/chunked.rb:43:in `call'
	/Users/miker/.rvm/gems/ree-1.8.7-2011.03/gems/rack-1.4.0/lib/rack/content_length.rb:14:in `call'
	/Users/miker/.rvm/gems/ree-1.8.7-2011.03/gems/rack-1.4.0/lib/rack/handler/webrick.rb:59:in `service'
	/Users/miker/.rvm/rubies/ree-1.8.7-2011.03/lib/ruby/1.8/webrick/httpserver.rb:104:in `service'
	/Users/miker/.rvm/rubies/ree-1.8.7-2011.03/lib/ruby/1.8/webrick/httpserver.rb:65:in `run'
	/Users/miker/.rvm/rubies/ree-1.8.7-2011.03/lib/ruby/1.8/webrick/server.rb:173:in `start_thread'
	/Users/miker/.rvm/rubies/ree-1.8.7-2011.03/lib/ruby/1.8/webrick/server.rb:162:in `start'
	/Users/miker/.rvm/rubies/ree-1.8.7-2011.03/lib/ruby/1.8/webrick/server.rb:162:in `start_thread'
	/Users/miker/.rvm/rubies/ree-1.8.7-2011.03/lib/ruby/1.8/webrick/server.rb:95:in `start'
	/Users/miker/.rvm/rubies/ree-1.8.7-2011.03/lib/ruby/1.8/webrick/server.rb:92:in `each'
	/Users/miker/.rvm/rubies/ree-1.8.7-2011.03/lib/ruby/1.8/webrick/server.rb:92:in `start'
	/Users/miker/.rvm/rubies/ree-1.8.7-2011.03/lib/ruby/1.8/webrick/server.rb:23:in `start'
	/Users/miker/.rvm/rubies/ree-1.8.7-2011.03/lib/ruby/1.8/webrick/server.rb:82:in `start'
	/Users/miker/.rvm/gems/ree-1.8.7-2011.03/gems/rack-1.4.0/lib/rack/handler/webrick.rb:13:in `run'
	/Users/miker/.rvm/gems/ree-1.8.7-2011.03/gems/rack-1.4.0/lib/rack/server.rb:265:in `start'
	/Users/miker/.rvm/gems/ree-1.8.7-2011.03/gems/rack-1.4.0/lib/rack/server.rb:137:in `start'
	/Users/miker/.rvm/gems/ree-1.8.7-2011.03/gems/rack-1.4.0/bin/rackup:4
	/Users/miker/.rvm/gems/ree-1.8.7-2011.03/bin/rackup:19:in `load'
	/Users/miker/.rvm/gems/ree-1.8.7-2011.03/bin/rackup:19
127.0.0.1 - - [24/Feb/2012 14:15:08] "GET / HTTP/1.1" 500 153775 0.1518
127.0.0.1 - - [24/Feb/2012 14:15:08] "GET /__sinatra__/500.png HTTP/1.1" 200 31056 0.0286
127.0.0.1 - - [24/Feb/2012 14:15:08] "GET /favicon.ico HTTP/1.1" 404 447 0.0020
[2012-02-24 14:15:23] INFO  going to shutdown ...
[2012-02-24 14:15:23] INFO  WEBrick::HTTPServer#start done.
[2012-02-24 14:15:25] INFO  WEBrick 1.3.1
[2012-02-24 14:15:25] INFO  ruby 1.8.7 (2011-02-18) [i686-darwin10.8.0]
[2012-02-24 14:15:25] INFO  WEBrick::HTTPServer#start: pid=16332 port=9292
127.0.0.1 - - [24/Feb/2012 14:15:26] "GET / HTTP/1.1" 200 35 0.0473
127.0.0.1 - - [24/Feb/2012 14:15:26] "GET /favicon.ico HTTP/1.1" 404 447 0.0019
127.0.0.1 - - [24/Feb/2012 14:15:26] "GET / HTTP/1.1" 200 35 0.0030
127.0.0.1 - - [24/Feb/2012 14:15:26] "GET /favicon.ico HTTP/1.1" 404 447 0.0015
127.0.0.1 - - [24/Feb/2012 14:15:27] "GET / HTTP/1.1" 200 35 0.0033
127.0.0.1 - - [24/Feb/2012 14:15:27] "GET /favicon.ico HTTP/1.1" 404 447 0.0016
127.0.0.1 - - [24/Feb/2012 14:15:28] "GET / HTTP/1.1" 200 35 0.0032
127.0.0.1 - - [24/Feb/2012 14:15:28] "GET /favicon.ico HTTP/1.1" 404 447 0.0023
127.0.0.1 - - [24/Feb/2012 14:15:29] "GET / HTTP/1.1" 200 35 0.0027
127.0.0.1 - - [24/Feb/2012 14:15:29] "GET /favicon.ico HTTP/1.1" 404 447 0.0029
127.0.0.1 - - [24/Feb/2012 14:15:29] "GET / HTTP/1.1" 200 35 0.0033
127.0.0.1 - - [24/Feb/2012 14:15:29] "GET /favicon.ico HTTP/1.1" 404 447 0.0020
127.0.0.1 - - [24/Feb/2012 14:15:29] "GET / HTTP/1.1" 200 35 0.0036
127.0.0.1 - - [24/Feb/2012 14:15:29] "GET /favicon.ico HTTP/1.1" 404 447 0.0017
127.0.0.1 - - [24/Feb/2012 14:15:29] "GET / HTTP/1.1" 200 35 0.0028
127.0.0.1 - - [24/Feb/2012 14:15:29] "GET /favicon.ico HTTP/1.1" 404 447 0.0019
127.0.0.1 - - [24/Feb/2012 14:15:29] "GET / HTTP/1.1" 200 35 0.0032
127.0.0.1 - - [24/Feb/2012 14:15:29] "GET /favicon.ico HTTP/1.1" 404 447 0.0028
127.0.0.1 - - [24/Feb/2012 14:15:29] "GET / HTTP/1.1" 200 35 0.0035
127.0.0.1 - - [24/Feb/2012 14:15:29] "GET /favicon.ico HTTP/1.1" 404 447 0.0028
[2012-02-24 14:15:40] INFO  going to shutdown ...
[2012-02-24 14:15:41] INFO  WEBrick::HTTPServer#start done.
[2012-02-24 14:44:50] INFO  WEBrick 1.3.1
[2012-02-24 14:44:50] INFO  ruby 1.8.7 (2011-02-18) [i686-darwin10.8.0]
[2012-02-24 14:44:50] INFO  WEBrick::HTTPServer#start: pid=16576 port=9292
NoMethodError - undefined method `strftime' for "2012-02-24 22:40:47":String:
	/Users/miker/projects/shouldisurf/views/index.erb:5:in `evaluate_source'
	/Users/miker/.rvm/gems/ree-1.8.7-2011.03/gems/tilt-1.3.3/lib/tilt/template.rb:144:in `cached_evaluate'
	/Users/miker/.rvm/gems/ree-1.8.7-2011.03/gems/tilt-1.3.3/lib/tilt/template.rb:127:in `evaluate'
	/Users/miker/.rvm/gems/ree-1.8.7-2011.03/gems/tilt-1.3.3/lib/tilt/template.rb:76:in `render'
	/Users/miker/.rvm/gems/ree-1.8.7-2011.03/gems/sinatra-1.3.2/lib/sinatra/base.rb:636:in `render'
	/Users/miker/.rvm/gems/ree-1.8.7-2011.03/gems/sinatra-1.3.2/lib/sinatra/base.rb:522:in `erb'
	./surf.rb:7:in `GET /'
	/Users/miker/.rvm/gems/ree-1.8.7-2011.03/gems/sinatra-1.3.2/lib/sinatra/base.rb:1211:in `call'
	/Users/miker/.rvm/gems/ree-1.8.7-2011.03/gems/sinatra-1.3.2/lib/sinatra/base.rb:1211:in `compile!'
	/Users/miker/.rvm/gems/ree-1.8.7-2011.03/gems/sinatra-1.3.2/lib/sinatra/base.rb:785:in `[]'
	/Users/miker/.rvm/gems/ree-1.8.7-2011.03/gems/sinatra-1.3.2/lib/sinatra/base.rb:785:in `route!'
	/Users/miker/.rvm/gems/ree-1.8.7-2011.03/gems/sinatra-1.3.2/lib/sinatra/base.rb:801:in `route_eval'
	/Users/miker/.rvm/gems/ree-1.8.7-2011.03/gems/sinatra-1.3.2/lib/sinatra/base.rb:785:in `route!'
	/Users/miker/.rvm/gems/ree-1.8.7-2011.03/gems/sinatra-1.3.2/lib/sinatra/base.rb:822:in `process_route'
	/Users/miker/.rvm/gems/ree-1.8.7-2011.03/gems/sinatra-1.3.2/lib/sinatra/base.rb:820:in `catch'
	/Users/miker/.rvm/gems/ree-1.8.7-2011.03/gems/sinatra-1.3.2/lib/sinatra/base.rb:820:in `process_route'
	/Users/miker/.rvm/gems/ree-1.8.7-2011.03/gems/sinatra-1.3.2/lib/sinatra/base.rb:784:in `route!'
	/Users/miker/.rvm/gems/ree-1.8.7-2011.03/gems/sinatra-1.3.2/lib/sinatra/base.rb:783:in `each'
	/Users/miker/.rvm/gems/ree-1.8.7-2011.03/gems/sinatra-1.3.2/lib/sinatra/base.rb:783:in `route!'
	/Users/miker/.rvm/gems/ree-1.8.7-2011.03/gems/sinatra-1.3.2/lib/sinatra/base.rb:886:in `dispatch!'
	/Users/miker/.rvm/gems/ree-1.8.7-2011.03/gems/sinatra-1.3.2/lib/sinatra/base.rb:719:in `call!'
	/Users/miker/.rvm/gems/ree-1.8.7-2011.03/gems/sinatra-1.3.2/lib/sinatra/base.rb:871:in `invoke'
	/Users/miker/.rvm/gems/ree-1.8.7-2011.03/gems/sinatra-1.3.2/lib/sinatra/base.rb:871:in `catch'
	/Users/miker/.rvm/gems/ree-1.8.7-2011.03/gems/sinatra-1.3.2/lib/sinatra/base.rb:871:in `invoke'
	/Users/miker/.rvm/gems/ree-1.8.7-2011.03/gems/sinatra-1.3.2/lib/sinatra/base.rb:719:in `call!'
	/Users/miker/.rvm/gems/ree-1.8.7-2011.03/gems/sinatra-1.3.2/lib/sinatra/base.rb:705:in `call'
	/Users/miker/.rvm/gems/ree-1.8.7-2011.03/gems/rack-protection-1.2.0/lib/rack/protection/xss_header.rb:22:in `call'
	/Users/miker/.rvm/gems/ree-1.8.7-2011.03/gems/rack-protection-1.2.0/lib/rack/protection/path_traversal.rb:16:in `call'
	/Users/miker/.rvm/gems/ree-1.8.7-2011.03/gems/rack-protection-1.2.0/lib/rack/protection/json_csrf.rb:17:in `call'
	/Users/miker/.rvm/gems/ree-1.8.7-2011.03/gems/rack-protection-1.2.0/lib/rack/protection/base.rb:47:in `call'
	/Users/miker/.rvm/gems/ree-1.8.7-2011.03/gems/rack-protection-1.2.0/lib/rack/protection/xss_header.rb:22:in `call'
	/Users/miker/.rvm/gems/ree-1.8.7-2011.03/gems/rack-1.4.0/lib/rack/nulllogger.rb:9:in `call'
	/Users/miker/.rvm/gems/ree-1.8.7-2011.03/gems/rack-1.4.0/lib/rack/head.rb:9:in `call'
	/Users/miker/.rvm/gems/ree-1.8.7-2011.03/gems/sinatra-1.3.2/lib/sinatra/showexceptions.rb:21:in `call'
	/Users/miker/.rvm/gems/ree-1.8.7-2011.03/gems/sinatra-1.3.2/lib/sinatra/base.rb:1334:in `call'
	/Users/miker/.rvm/gems/ree-1.8.7-2011.03/gems/sinatra-1.3.2/lib/sinatra/base.rb:1416:in `synchronize'
	/Users/miker/.rvm/gems/ree-1.8.7-2011.03/gems/sinatra-1.3.2/lib/sinatra/base.rb:1334:in `call'
	/Users/miker/.rvm/gems/ree-1.8.7-2011.03/gems/rack-1.4.0/lib/rack/lint.rb:48:in `_call'
	/Users/miker/.rvm/gems/ree-1.8.7-2011.03/gems/rack-1.4.0/lib/rack/lint.rb:36:in `call'
	/Users/miker/.rvm/gems/ree-1.8.7-2011.03/gems/rack-1.4.0/lib/rack/showexceptions.rb:24:in `call'
	/Users/miker/.rvm/gems/ree-1.8.7-2011.03/gems/rack-1.4.0/lib/rack/commonlogger.rb:20:in `call'
	/Users/miker/.rvm/gems/ree-1.8.7-2011.03/gems/rack-1.4.0/lib/rack/chunked.rb:43:in `call'
	/Users/miker/.rvm/gems/ree-1.8.7-2011.03/gems/rack-1.4.0/lib/rack/content_length.rb:14:in `call'
	/Users/miker/.rvm/gems/ree-1.8.7-2011.03/gems/rack-1.4.0/lib/rack/handler/webrick.rb:59:in `service'
	/Users/miker/.rvm/rubies/ree-1.8.7-2011.03/lib/ruby/1.8/webrick/httpserver.rb:104:in `service'
	/Users/miker/.rvm/rubies/ree-1.8.7-2011.03/lib/ruby/1.8/webrick/httpserver.rb:65:in `run'
	/Users/miker/.rvm/rubies/ree-1.8.7-2011.03/lib/ruby/1.8/webrick/server.rb:173:in `start_thread'
	/Users/miker/.rvm/rubies/ree-1.8.7-2011.03/lib/ruby/1.8/webrick/server.rb:162:in `start'
	/Users/miker/.rvm/rubies/ree-1.8.7-2011.03/lib/ruby/1.8/webrick/server.rb:162:in `start_thread'
	/Users/miker/.rvm/rubies/ree-1.8.7-2011.03/lib/ruby/1.8/webrick/server.rb:95:in `start'
	/Users/miker/.rvm/rubies/ree-1.8.7-2011.03/lib/ruby/1.8/webrick/server.rb:92:in `each'
	/Users/miker/.rvm/rubies/ree-1.8.7-2011.03/lib/ruby/1.8/webrick/server.rb:92:in `start'
	/Users/miker/.rvm/rubies/ree-1.8.7-2011.03/lib/ruby/1.8/webrick/server.rb:23:in `start'
	/Users/miker/.rvm/rubies/ree-1.8.7-2011.03/lib/ruby/1.8/webrick/server.rb:82:in `start'
	/Users/miker/.rvm/gems/ree-1.8.7-2011.03/gems/rack-1.4.0/lib/rack/handler/webrick.rb:13:in `run'
	/Users/miker/.rvm/gems/ree-1.8.7-2011.03/gems/rack-1.4.0/lib/rack/server.rb:265:in `start'
	/Users/miker/.rvm/gems/ree-1.8.7-2011.03/gems/rack-1.4.0/lib/rack/server.rb:137:in `start'
	/Users/miker/.rvm/gems/ree-1.8.7-2011.03/gems/rack-1.4.0/bin/rackup:4
	/Users/miker/.rvm/gems/ree-1.8.7-2011.03/bin/rackup:19:in `load'
	/Users/miker/.rvm/gems/ree-1.8.7-2011.03/bin/rackup:19
127.0.0.1 - - [24/Feb/2012 14:44:55] "GET / HTTP/1.1" 500 167842 0.0999
127.0.0.1 - - [24/Feb/2012 14:44:55] "GET /__sinatra__/500.png HTTP/1.1" 304 - 0.0055
127.0.0.1 - - [24/Feb/2012 14:46:41] "GET / HTTP/1.1" 200 2702 0.0529
127.0.0.1 - - [24/Feb/2012 14:46:41] "GET /css/style.css HTTP/1.1" 304 - 0.0015
127.0.0.1 - - [24/Feb/2012 14:46:41] "GET /js/libs/modernizr-2.5.3.min.js HTTP/1.1" 304 - 0.0020
127.0.0.1 - - [24/Feb/2012 14:46:41] "GET /js/plugins.js HTTP/1.1" 304 - 0.0020
127.0.0.1 - - [24/Feb/2012 14:46:41] "GET /js/script.js HTTP/1.1" 304 - 0.0019
[2012-02-24 14:46:44] INFO  going to shutdown ...
[2012-02-24 14:46:45] INFO  WEBrick::HTTPServer#start done.
[2012-02-24 14:46:46] INFO  WEBrick 1.3.1
[2012-02-24 14:46:46] INFO  ruby 1.8.7 (2011-02-18) [i686-darwin10.8.0]
[2012-02-24 14:46:46] INFO  WEBrick::HTTPServer#start: pid=16608 port=9292
NoMethodError - undefined method `-' for "2012-02-24 22:40:47":String:
	/Users/miker/.rvm/rubies/ree-1.8.7-2011.03/lib/ruby/1.8/date.rb:398:in `civil_to_jd'
	/Users/miker/.rvm/rubies/ree-1.8.7-2011.03/lib/ruby/1.8/date.rb:632:in `valid_civil?'
	/Users/miker/.rvm/rubies/ree-1.8.7-2011.03/lib/ruby/1.8/date.rb:751:in `new'
	./surf.rb:9:in `GET /'
	/Users/miker/.rvm/gems/ree-1.8.7-2011.03/gems/sinatra-1.3.2/lib/sinatra/base.rb:1211:in `call'
	/Users/miker/.rvm/gems/ree-1.8.7-2011.03/gems/sinatra-1.3.2/lib/sinatra/base.rb:1211:in `compile!'
	/Users/miker/.rvm/gems/ree-1.8.7-2011.03/gems/sinatra-1.3.2/lib/sinatra/base.rb:785:in `[]'
	/Users/miker/.rvm/gems/ree-1.8.7-2011.03/gems/sinatra-1.3.2/lib/sinatra/base.rb:785:in `route!'
	/Users/miker/.rvm/gems/ree-1.8.7-2011.03/gems/sinatra-1.3.2/lib/sinatra/base.rb:801:in `route_eval'
	/Users/miker/.rvm/gems/ree-1.8.7-2011.03/gems/sinatra-1.3.2/lib/sinatra/base.rb:785:in `route!'
	/Users/miker/.rvm/gems/ree-1.8.7-2011.03/gems/sinatra-1.3.2/lib/sinatra/base.rb:822:in `process_route'
	/Users/miker/.rvm/gems/ree-1.8.7-2011.03/gems/sinatra-1.3.2/lib/sinatra/base.rb:820:in `catch'
	/Users/miker/.rvm/gems/ree-1.8.7-2011.03/gems/sinatra-1.3.2/lib/sinatra/base.rb:820:in `process_route'
	/Users/miker/.rvm/gems/ree-1.8.7-2011.03/gems/sinatra-1.3.2/lib/sinatra/base.rb:784:in `route!'
	/Users/miker/.rvm/gems/ree-1.8.7-2011.03/gems/sinatra-1.3.2/lib/sinatra/base.rb:783:in `each'
	/Users/miker/.rvm/gems/ree-1.8.7-2011.03/gems/sinatra-1.3.2/lib/sinatra/base.rb:783:in `route!'
	/Users/miker/.rvm/gems/ree-1.8.7-2011.03/gems/sinatra-1.3.2/lib/sinatra/base.rb:886:in `dispatch!'
	/Users/miker/.rvm/gems/ree-1.8.7-2011.03/gems/sinatra-1.3.2/lib/sinatra/base.rb:719:in `call!'
	/Users/miker/.rvm/gems/ree-1.8.7-2011.03/gems/sinatra-1.3.2/lib/sinatra/base.rb:871:in `invoke'
	/Users/miker/.rvm/gems/ree-1.8.7-2011.03/gems/sinatra-1.3.2/lib/sinatra/base.rb:871:in `catch'
	/Users/miker/.rvm/gems/ree-1.8.7-2011.03/gems/sinatra-1.3.2/lib/sinatra/base.rb:871:in `invoke'
	/Users/miker/.rvm/gems/ree-1.8.7-2011.03/gems/sinatra-1.3.2/lib/sinatra/base.rb:719:in `call!'
	/Users/miker/.rvm/gems/ree-1.8.7-2011.03/gems/sinatra-1.3.2/lib/sinatra/base.rb:705:in `call'
	/Users/miker/.rvm/gems/ree-1.8.7-2011.03/gems/rack-protection-1.2.0/lib/rack/protection/xss_header.rb:22:in `call'
	/Users/miker/.rvm/gems/ree-1.8.7-2011.03/gems/rack-protection-1.2.0/lib/rack/protection/path_traversal.rb:16:in `call'
	/Users/miker/.rvm/gems/ree-1.8.7-2011.03/gems/rack-protection-1.2.0/lib/rack/protection/json_csrf.rb:17:in `call'
	/Users/miker/.rvm/gems/ree-1.8.7-2011.03/gems/rack-protection-1.2.0/lib/rack/protection/base.rb:47:in `call'
	/Users/miker/.rvm/gems/ree-1.8.7-2011.03/gems/rack-protection-1.2.0/lib/rack/protection/xss_header.rb:22:in `call'
	/Users/miker/.rvm/gems/ree-1.8.7-2011.03/gems/rack-1.4.0/lib/rack/nulllogger.rb:9:in `call'
	/Users/miker/.rvm/gems/ree-1.8.7-2011.03/gems/rack-1.4.0/lib/rack/head.rb:9:in `call'
	/Users/miker/.rvm/gems/ree-1.8.7-2011.03/gems/sinatra-1.3.2/lib/sinatra/showexceptions.rb:21:in `call'
	/Users/miker/.rvm/gems/ree-1.8.7-2011.03/gems/sinatra-1.3.2/lib/sinatra/base.rb:1334:in `call'
	/Users/miker/.rvm/gems/ree-1.8.7-2011.03/gems/sinatra-1.3.2/lib/sinatra/base.rb:1416:in `synchronize'
	/Users/miker/.rvm/gems/ree-1.8.7-2011.03/gems/sinatra-1.3.2/lib/sinatra/base.rb:1334:in `call'
	/Users/miker/.rvm/gems/ree-1.8.7-2011.03/gems/rack-1.4.0/lib/rack/lint.rb:48:in `_call'
	/Users/miker/.rvm/gems/ree-1.8.7-2011.03/gems/rack-1.4.0/lib/rack/lint.rb:36:in `call'
	/Users/miker/.rvm/gems/ree-1.8.7-2011.03/gems/rack-1.4.0/lib/rack/showexceptions.rb:24:in `call'
	/Users/miker/.rvm/gems/ree-1.8.7-2011.03/gems/rack-1.4.0/lib/rack/commonlogger.rb:20:in `call'
	/Users/miker/.rvm/gems/ree-1.8.7-2011.03/gems/rack-1.4.0/lib/rack/chunked.rb:43:in `call'
	/Users/miker/.rvm/gems/ree-1.8.7-2011.03/gems/rack-1.4.0/lib/rack/content_length.rb:14:in `call'
	/Users/miker/.rvm/gems/ree-1.8.7-2011.03/gems/rack-1.4.0/lib/rack/handler/webrick.rb:59:in `service'
	/Users/miker/.rvm/rubies/ree-1.8.7-2011.03/lib/ruby/1.8/webrick/httpserver.rb:104:in `service'
	/Users/miker/.rvm/rubies/ree-1.8.7-2011.03/lib/ruby/1.8/webrick/httpserver.rb:65:in `run'
	/Users/miker/.rvm/rubies/ree-1.8.7-2011.03/lib/ruby/1.8/webrick/server.rb:173:in `start_thread'
	/Users/miker/.rvm/rubies/ree-1.8.7-2011.03/lib/ruby/1.8/webrick/server.rb:162:in `start'
	/Users/miker/.rvm/rubies/ree-1.8.7-2011.03/lib/ruby/1.8/webrick/server.rb:162:in `start_thread'
	/Users/miker/.rvm/rubies/ree-1.8.7-2011.03/lib/ruby/1.8/webrick/server.rb:95:in `start'
	/Users/miker/.rvm/rubies/ree-1.8.7-2011.03/lib/ruby/1.8/webrick/server.rb:92:in `each'
	/Users/miker/.rvm/rubies/ree-1.8.7-2011.03/lib/ruby/1.8/webrick/server.rb:92:in `start'
	/Users/miker/.rvm/rubies/ree-1.8.7-2011.03/lib/ruby/1.8/webrick/server.rb:23:in `start'
	/Users/miker/.rvm/rubies/ree-1.8.7-2011.03/lib/ruby/1.8/webrick/server.rb:82:in `start'
	/Users/miker/.rvm/gems/ree-1.8.7-2011.03/gems/rack-1.4.0/lib/rack/handler/webrick.rb:13:in `run'
	/Users/miker/.rvm/gems/ree-1.8.7-2011.03/gems/rack-1.4.0/lib/rack/server.rb:265:in `start'
	/Users/miker/.rvm/gems/ree-1.8.7-2011.03/gems/rack-1.4.0/lib/rack/server.rb:137:in `start'
	/Users/miker/.rvm/gems/ree-1.8.7-2011.03/gems/rack-1.4.0/bin/rackup:4
	/Users/miker/.rvm/gems/ree-1.8.7-2011.03/bin/rackup:19:in `load'
	/Users/miker/.rvm/gems/ree-1.8.7-2011.03/bin/rackup:19
127.0.0.1 - - [24/Feb/2012 14:46:49] "GET / HTTP/1.1" 500 158510 0.0983
127.0.0.1 - - [24/Feb/2012 14:46:49] "GET /__sinatra__/500.png HTTP/1.1" 304 - 0.0068
[2012-02-24 14:47:35] INFO  going to shutdown ...
[2012-02-24 14:47:35] INFO  WEBrick::HTTPServer#start done.
[2012-02-24 14:47:36] INFO  WEBrick 1.3.1
[2012-02-24 14:47:36] INFO  ruby 1.8.7 (2011-02-18) [i686-darwin10.8.0]
[2012-02-24 14:47:36] INFO  WEBrick::HTTPServer#start: pid=16609 port=9292
127.0.0.1 - - [24/Feb/2012 14:47:40] "GET / HTTP/1.1" 200 2732 0.0479
127.0.0.1 - - [24/Feb/2012 14:47:40] "GET /css/style.css HTTP/1.1" 304 - 0.0035
127.0.0.1 - - [24/Feb/2012 14:47:40] "GET /js/script.js HTTP/1.1" 304 - 0.0021
127.0.0.1 - - [24/Feb/2012 14:47:40] "GET /js/libs/modernizr-2.5.3.min.js HTTP/1.1" 304 - 0.0019
127.0.0.1 - - [24/Feb/2012 14:47:40] "GET /js/plugins.js HTTP/1.1" 304 - 0.0020
[2012-02-24 14:48:18] INFO  going to shutdown ...
[2012-02-24 14:48:18] INFO  WEBrick::HTTPServer#start done.
[2012-02-24 14:48:19] INFO  WEBrick 1.3.1
[2012-02-24 14:48:19] INFO  ruby 1.8.7 (2011-02-18) [i686-darwin10.8.0]
[2012-02-24 14:48:19] INFO  WEBrick::HTTPServer#start: pid=16612 port=9292
NoMethodError - undefined method `in_time_zone' for #<DateTime: 212196883247/86400,0,2299161>:
	./surf.rb:9:in `GET /'
	/Users/miker/.rvm/gems/ree-1.8.7-2011.03/gems/sinatra-1.3.2/lib/sinatra/base.rb:1211:in `call'
	/Users/miker/.rvm/gems/ree-1.8.7-2011.03/gems/sinatra-1.3.2/lib/sinatra/base.rb:1211:in `compile!'
	/Users/miker/.rvm/gems/ree-1.8.7-2011.03/gems/sinatra-1.3.2/lib/sinatra/base.rb:785:in `[]'
	/Users/miker/.rvm/gems/ree-1.8.7-2011.03/gems/sinatra-1.3.2/lib/sinatra/base.rb:785:in `route!'
	/Users/miker/.rvm/gems/ree-1.8.7-2011.03/gems/sinatra-1.3.2/lib/sinatra/base.rb:801:in `route_eval'
	/Users/miker/.rvm/gems/ree-1.8.7-2011.03/gems/sinatra-1.3.2/lib/sinatra/base.rb:785:in `route!'
	/Users/miker/.rvm/gems/ree-1.8.7-2011.03/gems/sinatra-1.3.2/lib/sinatra/base.rb:822:in `process_route'
	/Users/miker/.rvm/gems/ree-1.8.7-2011.03/gems/sinatra-1.3.2/lib/sinatra/base.rb:820:in `catch'
	/Users/miker/.rvm/gems/ree-1.8.7-2011.03/gems/sinatra-1.3.2/lib/sinatra/base.rb:820:in `process_route'
	/Users/miker/.rvm/gems/ree-1.8.7-2011.03/gems/sinatra-1.3.2/lib/sinatra/base.rb:784:in `route!'
	/Users/miker/.rvm/gems/ree-1.8.7-2011.03/gems/sinatra-1.3.2/lib/sinatra/base.rb:783:in `each'
	/Users/miker/.rvm/gems/ree-1.8.7-2011.03/gems/sinatra-1.3.2/lib/sinatra/base.rb:783:in `route!'
	/Users/miker/.rvm/gems/ree-1.8.7-2011.03/gems/sinatra-1.3.2/lib/sinatra/base.rb:886:in `dispatch!'
	/Users/miker/.rvm/gems/ree-1.8.7-2011.03/gems/sinatra-1.3.2/lib/sinatra/base.rb:719:in `call!'
	/Users/miker/.rvm/gems/ree-1.8.7-2011.03/gems/sinatra-1.3.2/lib/sinatra/base.rb:871:in `invoke'
	/Users/miker/.rvm/gems/ree-1.8.7-2011.03/gems/sinatra-1.3.2/lib/sinatra/base.rb:871:in `catch'
	/Users/miker/.rvm/gems/ree-1.8.7-2011.03/gems/sinatra-1.3.2/lib/sinatra/base.rb:871:in `invoke'
	/Users/miker/.rvm/gems/ree-1.8.7-2011.03/gems/sinatra-1.3.2/lib/sinatra/base.rb:719:in `call!'
	/Users/miker/.rvm/gems/ree-1.8.7-2011.03/gems/sinatra-1.3.2/lib/sinatra/base.rb:705:in `call'
	/Users/miker/.rvm/gems/ree-1.8.7-2011.03/gems/rack-protection-1.2.0/lib/rack/protection/xss_header.rb:22:in `call'
	/Users/miker/.rvm/gems/ree-1.8.7-2011.03/gems/rack-protection-1.2.0/lib/rack/protection/path_traversal.rb:16:in `call'
	/Users/miker/.rvm/gems/ree-1.8.7-2011.03/gems/rack-protection-1.2.0/lib/rack/protection/json_csrf.rb:17:in `call'
	/Users/miker/.rvm/gems/ree-1.8.7-2011.03/gems/rack-protection-1.2.0/lib/rack/protection/base.rb:47:in `call'
	/Users/miker/.rvm/gems/ree-1.8.7-2011.03/gems/rack-protection-1.2.0/lib/rack/protection/xss_header.rb:22:in `call'
	/Users/miker/.rvm/gems/ree-1.8.7-2011.03/gems/rack-1.4.0/lib/rack/nulllogger.rb:9:in `call'
	/Users/miker/.rvm/gems/ree-1.8.7-2011.03/gems/rack-1.4.0/lib/rack/head.rb:9:in `call'
	/Users/miker/.rvm/gems/ree-1.8.7-2011.03/gems/sinatra-1.3.2/lib/sinatra/showexceptions.rb:21:in `call'
	/Users/miker/.rvm/gems/ree-1.8.7-2011.03/gems/sinatra-1.3.2/lib/sinatra/base.rb:1334:in `call'
	/Users/miker/.rvm/gems/ree-1.8.7-2011.03/gems/sinatra-1.3.2/lib/sinatra/base.rb:1416:in `synchronize'
	/Users/miker/.rvm/gems/ree-1.8.7-2011.03/gems/sinatra-1.3.2/lib/sinatra/base.rb:1334:in `call'
	/Users/miker/.rvm/gems/ree-1.8.7-2011.03/gems/rack-1.4.0/lib/rack/lint.rb:48:in `_call'
	/Users/miker/.rvm/gems/ree-1.8.7-2011.03/gems/rack-1.4.0/lib/rack/lint.rb:36:in `call'
	/Users/miker/.rvm/gems/ree-1.8.7-2011.03/gems/rack-1.4.0/lib/rack/showexceptions.rb:24:in `call'
	/Users/miker/.rvm/gems/ree-1.8.7-2011.03/gems/rack-1.4.0/lib/rack/commonlogger.rb:20:in `call'
	/Users/miker/.rvm/gems/ree-1.8.7-2011.03/gems/rack-1.4.0/lib/rack/chunked.rb:43:in `call'
	/Users/miker/.rvm/gems/ree-1.8.7-2011.03/gems/rack-1.4.0/lib/rack/content_length.rb:14:in `call'
	/Users/miker/.rvm/gems/ree-1.8.7-2011.03/gems/rack-1.4.0/lib/rack/handler/webrick.rb:59:in `service'
	/Users/miker/.rvm/rubies/ree-1.8.7-2011.03/lib/ruby/1.8/webrick/httpserver.rb:104:in `service'
	/Users/miker/.rvm/rubies/ree-1.8.7-2011.03/lib/ruby/1.8/webrick/httpserver.rb:65:in `run'
	/Users/miker/.rvm/rubies/ree-1.8.7-2011.03/lib/ruby/1.8/webrick/server.rb:173:in `start_thread'
	/Users/miker/.rvm/rubies/ree-1.8.7-2011.03/lib/ruby/1.8/webrick/server.rb:162:in `start'
	/Users/miker/.rvm/rubies/ree-1.8.7-2011.03/lib/ruby/1.8/webrick/server.rb:162:in `start_thread'
	/Users/miker/.rvm/rubies/ree-1.8.7-2011.03/lib/ruby/1.8/webrick/server.rb:95:in `start'
	/Users/miker/.rvm/rubies/ree-1.8.7-2011.03/lib/ruby/1.8/webrick/server.rb:92:in `each'
	/Users/miker/.rvm/rubies/ree-1.8.7-2011.03/lib/ruby/1.8/webrick/server.rb:92:in `start'
	/Users/miker/.rvm/rubies/ree-1.8.7-2011.03/lib/ruby/1.8/webrick/server.rb:23:in `start'
	/Users/miker/.rvm/rubies/ree-1.8.7-2011.03/lib/ruby/1.8/webrick/server.rb:82:in `start'
	/Users/miker/.rvm/gems/ree-1.8.7-2011.03/gems/rack-1.4.0/lib/rack/handler/webrick.rb:13:in `run'
	/Users/miker/.rvm/gems/ree-1.8.7-2011.03/gems/rack-1.4.0/lib/rack/server.rb:265:in `start'
	/Users/miker/.rvm/gems/ree-1.8.7-2011.03/gems/rack-1.4.0/lib/rack/server.rb:137:in `start'
	/Users/miker/.rvm/gems/ree-1.8.7-2011.03/gems/rack-1.4.0/bin/rackup:4
	/Users/miker/.rvm/gems/ree-1.8.7-2011.03/bin/rackup:19:in `load'
	/Users/miker/.rvm/gems/ree-1.8.7-2011.03/bin/rackup:19
127.0.0.1 - - [24/Feb/2012 14:48:22] "GET / HTTP/1.1" 500 151051 0.0919
127.0.0.1 - - [24/Feb/2012 14:48:22] "GET /__sinatra__/500.png HTTP/1.1" 304 - 0.0056
[2012-02-24 14:48:28] INFO  going to shutdown ...
[2012-02-24 14:48:29] INFO  WEBrick::HTTPServer#start done.
[2012-02-24 15:00:54] INFO  WEBrick 1.3.1
[2012-02-24 15:00:54] INFO  ruby 1.8.7 (2011-02-18) [i686-darwin10.8.0]
[2012-02-24 15:00:54] INFO  WEBrick::HTTPServer#start: pid=16669 port=9292
NoMethodError - undefined method `in_time_zone' for Fri Feb 24 22:40:47 -0800 2012:Time:
	./surf.rb:9:in `GET /'
	/Users/miker/.rvm/gems/ree-1.8.7-2011.03/gems/sinatra-1.3.2/lib/sinatra/base.rb:1211:in `call'
	/Users/miker/.rvm/gems/ree-1.8.7-2011.03/gems/sinatra-1.3.2/lib/sinatra/base.rb:1211:in `compile!'
	/Users/miker/.rvm/gems/ree-1.8.7-2011.03/gems/sinatra-1.3.2/lib/sinatra/base.rb:785:in `[]'
	/Users/miker/.rvm/gems/ree-1.8.7-2011.03/gems/sinatra-1.3.2/lib/sinatra/base.rb:785:in `route!'
	/Users/miker/.rvm/gems/ree-1.8.7-2011.03/gems/sinatra-1.3.2/lib/sinatra/base.rb:801:in `route_eval'
	/Users/miker/.rvm/gems/ree-1.8.7-2011.03/gems/sinatra-1.3.2/lib/sinatra/base.rb:785:in `route!'
	/Users/miker/.rvm/gems/ree-1.8.7-2011.03/gems/sinatra-1.3.2/lib/sinatra/base.rb:822:in `process_route'
	/Users/miker/.rvm/gems/ree-1.8.7-2011.03/gems/sinatra-1.3.2/lib/sinatra/base.rb:820:in `catch'
	/Users/miker/.rvm/gems/ree-1.8.7-2011.03/gems/sinatra-1.3.2/lib/sinatra/base.rb:820:in `process_route'
	/Users/miker/.rvm/gems/ree-1.8.7-2011.03/gems/sinatra-1.3.2/lib/sinatra/base.rb:784:in `route!'
	/Users/miker/.rvm/gems/ree-1.8.7-2011.03/gems/sinatra-1.3.2/lib/sinatra/base.rb:783:in `each'
	/Users/miker/.rvm/gems/ree-1.8.7-2011.03/gems/sinatra-1.3.2/lib/sinatra/base.rb:783:in `route!'
	/Users/miker/.rvm/gems/ree-1.8.7-2011.03/gems/sinatra-1.3.2/lib/sinatra/base.rb:886:in `dispatch!'
	/Users/miker/.rvm/gems/ree-1.8.7-2011.03/gems/sinatra-1.3.2/lib/sinatra/base.rb:719:in `call!'
	/Users/miker/.rvm/gems/ree-1.8.7-2011.03/gems/sinatra-1.3.2/lib/sinatra/base.rb:871:in `invoke'
	/Users/miker/.rvm/gems/ree-1.8.7-2011.03/gems/sinatra-1.3.2/lib/sinatra/base.rb:871:in `catch'
	/Users/miker/.rvm/gems/ree-1.8.7-2011.03/gems/sinatra-1.3.2/lib/sinatra/base.rb:871:in `invoke'
	/Users/miker/.rvm/gems/ree-1.8.7-2011.03/gems/sinatra-1.3.2/lib/sinatra/base.rb:719:in `call!'
	/Users/miker/.rvm/gems/ree-1.8.7-2011.03/gems/sinatra-1.3.2/lib/sinatra/base.rb:705:in `call'
	/Users/miker/.rvm/gems/ree-1.8.7-2011.03/gems/rack-protection-1.2.0/lib/rack/protection/xss_header.rb:22:in `call'
	/Users/miker/.rvm/gems/ree-1.8.7-2011.03/gems/rack-protection-1.2.0/lib/rack/protection/path_traversal.rb:16:in `call'
	/Users/miker/.rvm/gems/ree-1.8.7-2011.03/gems/rack-protection-1.2.0/lib/rack/protection/json_csrf.rb:17:in `call'
	/Users/miker/.rvm/gems/ree-1.8.7-2011.03/gems/rack-protection-1.2.0/lib/rack/protection/base.rb:47:in `call'
	/Users/miker/.rvm/gems/ree-1.8.7-2011.03/gems/rack-protection-1.2.0/lib/rack/protection/xss_header.rb:22:in `call'
	/Users/miker/.rvm/gems/ree-1.8.7-2011.03/gems/rack-1.4.0/lib/rack/nulllogger.rb:9:in `call'
	/Users/miker/.rvm/gems/ree-1.8.7-2011.03/gems/rack-1.4.0/lib/rack/head.rb:9:in `call'
	/Users/miker/.rvm/gems/ree-1.8.7-2011.03/gems/sinatra-1.3.2/lib/sinatra/showexceptions.rb:21:in `call'
	/Users/miker/.rvm/gems/ree-1.8.7-2011.03/gems/sinatra-1.3.2/lib/sinatra/base.rb:1334:in `call'
	/Users/miker/.rvm/gems/ree-1.8.7-2011.03/gems/sinatra-1.3.2/lib/sinatra/base.rb:1416:in `synchronize'
	/Users/miker/.rvm/gems/ree-1.8.7-2011.03/gems/sinatra-1.3.2/lib/sinatra/base.rb:1334:in `call'
	/Users/miker/.rvm/gems/ree-1.8.7-2011.03/gems/rack-1.4.0/lib/rack/lint.rb:48:in `_call'
	/Users/miker/.rvm/gems/ree-1.8.7-2011.03/gems/rack-1.4.0/lib/rack/lint.rb:36:in `call'
	/Users/miker/.rvm/gems/ree-1.8.7-2011.03/gems/rack-1.4.0/lib/rack/showexceptions.rb:24:in `call'
	/Users/miker/.rvm/gems/ree-1.8.7-2011.03/gems/rack-1.4.0/lib/rack/commonlogger.rb:20:in `call'
	/Users/miker/.rvm/gems/ree-1.8.7-2011.03/gems/rack-1.4.0/lib/rack/chunked.rb:43:in `call'
	/Users/miker/.rvm/gems/ree-1.8.7-2011.03/gems/rack-1.4.0/lib/rack/content_length.rb:14:in `call'
	/Users/miker/.rvm/gems/ree-1.8.7-2011.03/gems/rack-1.4.0/lib/rack/handler/webrick.rb:59:in `service'
	/Users/miker/.rvm/rubies/ree-1.8.7-2011.03/lib/ruby/1.8/webrick/httpserver.rb:104:in `service'
	/Users/miker/.rvm/rubies/ree-1.8.7-2011.03/lib/ruby/1.8/webrick/httpserver.rb:65:in `run'
	/Users/miker/.rvm/rubies/ree-1.8.7-2011.03/lib/ruby/1.8/webrick/server.rb:173:in `start_thread'
	/Users/miker/.rvm/rubies/ree-1.8.7-2011.03/lib/ruby/1.8/webrick/server.rb:162:in `start'
	/Users/miker/.rvm/rubies/ree-1.8.7-2011.03/lib/ruby/1.8/webrick/server.rb:162:in `start_thread'
	/Users/miker/.rvm/rubies/ree-1.8.7-2011.03/lib/ruby/1.8/webrick/server.rb:95:in `start'
	/Users/miker/.rvm/rubies/ree-1.8.7-2011.03/lib/ruby/1.8/webrick/server.rb:92:in `each'
	/Users/miker/.rvm/rubies/ree-1.8.7-2011.03/lib/ruby/1.8/webrick/server.rb:92:in `start'
	/Users/miker/.rvm/rubies/ree-1.8.7-2011.03/lib/ruby/1.8/webrick/server.rb:23:in `start'
	/Users/miker/.rvm/rubies/ree-1.8.7-2011.03/lib/ruby/1.8/webrick/server.rb:82:in `start'
	/Users/miker/.rvm/gems/ree-1.8.7-2011.03/gems/rack-1.4.0/lib/rack/handler/webrick.rb:13:in `run'
	/Users/miker/.rvm/gems/ree-1.8.7-2011.03/gems/rack-1.4.0/lib/rack/server.rb:265:in `start'
	/Users/miker/.rvm/gems/ree-1.8.7-2011.03/gems/rack-1.4.0/lib/rack/server.rb:137:in `start'
	/Users/miker/.rvm/gems/ree-1.8.7-2011.03/gems/rack-1.4.0/bin/rackup:4
	/Users/miker/.rvm/gems/ree-1.8.7-2011.03/bin/rackup:19:in `load'
	/Users/miker/.rvm/gems/ree-1.8.7-2011.03/bin/rackup:19
127.0.0.1 - - [24/Feb/2012 15:01:01] "GET / HTTP/1.1" 500 151013 0.1321
127.0.0.1 - - [24/Feb/2012 15:01:01] "GET /__sinatra__/500.png HTTP/1.1" 304 - 0.0045
[2012-02-24 15:01:17] INFO  going to shutdown ...
[2012-02-24 15:01:17] INFO  WEBrick::HTTPServer#start done.
[2012-02-24 15:01:19] INFO  WEBrick 1.3.1
[2012-02-24 15:01:19] INFO  ruby 1.8.7 (2011-02-18) [i686-darwin10.8.0]
[2012-02-24 15:01:19] INFO  WEBrick::HTTPServer#start: pid=16670 port=9292
127.0.0.1 - - [24/Feb/2012 15:01:20] "GET / HTTP/1.1" 200 2732 0.0480
127.0.0.1 - - [24/Feb/2012 15:01:20] "GET /js/libs/modernizr-2.5.3.min.js HTTP/1.1" 304 - 0.0030
127.0.0.1 - - [24/Feb/2012 15:01:20] "GET /css/style.css HTTP/1.1" 304 - 0.0016
127.0.0.1 - - [24/Feb/2012 15:01:20] "GET /js/plugins.js HTTP/1.1" 304 - 0.0020
127.0.0.1 - - [24/Feb/2012 15:01:20] "GET /js/script.js HTTP/1.1" 304 - 0.0018
[2012-02-24 15:02:05] INFO  going to shutdown ...
[2012-02-24 15:02:05] INFO  WEBrick::HTTPServer#start done.
[2012-02-24 15:02:06] INFO  WEBrick 1.3.1
[2012-02-24 15:02:06] INFO  ruby 1.8.7 (2011-02-18) [i686-darwin10.8.0]
[2012-02-24 15:02:06] INFO  WEBrick::HTTPServer#start: pid=16673 port=9292
NoMethodError - undefined method `new_offset' for Fri Feb 24 22:40:47 -0800 2012:Time:
	./surf.rb:9:in `GET /'
	/Users/miker/.rvm/gems/ree-1.8.7-2011.03/gems/sinatra-1.3.2/lib/sinatra/base.rb:1211:in `call'
	/Users/miker/.rvm/gems/ree-1.8.7-2011.03/gems/sinatra-1.3.2/lib/sinatra/base.rb:1211:in `compile!'
	/Users/miker/.rvm/gems/ree-1.8.7-2011.03/gems/sinatra-1.3.2/lib/sinatra/base.rb:785:in `[]'
	/Users/miker/.rvm/gems/ree-1.8.7-2011.03/gems/sinatra-1.3.2/lib/sinatra/base.rb:785:in `route!'
	/Users/miker/.rvm/gems/ree-1.8.7-2011.03/gems/sinatra-1.3.2/lib/sinatra/base.rb:801:in `route_eval'
	/Users/miker/.rvm/gems/ree-1.8.7-2011.03/gems/sinatra-1.3.2/lib/sinatra/base.rb:785:in `route!'
	/Users/miker/.rvm/gems/ree-1.8.7-2011.03/gems/sinatra-1.3.2/lib/sinatra/base.rb:822:in `process_route'
	/Users/miker/.rvm/gems/ree-1.8.7-2011.03/gems/sinatra-1.3.2/lib/sinatra/base.rb:820:in `catch'
	/Users/miker/.rvm/gems/ree-1.8.7-2011.03/gems/sinatra-1.3.2/lib/sinatra/base.rb:820:in `process_route'
	/Users/miker/.rvm/gems/ree-1.8.7-2011.03/gems/sinatra-1.3.2/lib/sinatra/base.rb:784:in `route!'
	/Users/miker/.rvm/gems/ree-1.8.7-2011.03/gems/sinatra-1.3.2/lib/sinatra/base.rb:783:in `each'
	/Users/miker/.rvm/gems/ree-1.8.7-2011.03/gems/sinatra-1.3.2/lib/sinatra/base.rb:783:in `route!'
	/Users/miker/.rvm/gems/ree-1.8.7-2011.03/gems/sinatra-1.3.2/lib/sinatra/base.rb:886:in `dispatch!'
	/Users/miker/.rvm/gems/ree-1.8.7-2011.03/gems/sinatra-1.3.2/lib/sinatra/base.rb:719:in `call!'
	/Users/miker/.rvm/gems/ree-1.8.7-2011.03/gems/sinatra-1.3.2/lib/sinatra/base.rb:871:in `invoke'
	/Users/miker/.rvm/gems/ree-1.8.7-2011.03/gems/sinatra-1.3.2/lib/sinatra/base.rb:871:in `catch'
	/Users/miker/.rvm/gems/ree-1.8.7-2011.03/gems/sinatra-1.3.2/lib/sinatra/base.rb:871:in `invoke'
	/Users/miker/.rvm/gems/ree-1.8.7-2011.03/gems/sinatra-1.3.2/lib/sinatra/base.rb:719:in `call!'
	/Users/miker/.rvm/gems/ree-1.8.7-2011.03/gems/sinatra-1.3.2/lib/sinatra/base.rb:705:in `call'
	/Users/miker/.rvm/gems/ree-1.8.7-2011.03/gems/rack-protection-1.2.0/lib/rack/protection/xss_header.rb:22:in `call'
	/Users/miker/.rvm/gems/ree-1.8.7-2011.03/gems/rack-protection-1.2.0/lib/rack/protection/path_traversal.rb:16:in `call'
	/Users/miker/.rvm/gems/ree-1.8.7-2011.03/gems/rack-protection-1.2.0/lib/rack/protection/json_csrf.rb:17:in `call'
	/Users/miker/.rvm/gems/ree-1.8.7-2011.03/gems/rack-protection-1.2.0/lib/rack/protection/base.rb:47:in `call'
	/Users/miker/.rvm/gems/ree-1.8.7-2011.03/gems/rack-protection-1.2.0/lib/rack/protection/xss_header.rb:22:in `call'
	/Users/miker/.rvm/gems/ree-1.8.7-2011.03/gems/rack-1.4.0/lib/rack/nulllogger.rb:9:in `call'
	/Users/miker/.rvm/gems/ree-1.8.7-2011.03/gems/rack-1.4.0/lib/rack/head.rb:9:in `call'
	/Users/miker/.rvm/gems/ree-1.8.7-2011.03/gems/sinatra-1.3.2/lib/sinatra/showexceptions.rb:21:in `call'
	/Users/miker/.rvm/gems/ree-1.8.7-2011.03/gems/sinatra-1.3.2/lib/sinatra/base.rb:1334:in `call'
	/Users/miker/.rvm/gems/ree-1.8.7-2011.03/gems/sinatra-1.3.2/lib/sinatra/base.rb:1416:in `synchronize'
	/Users/miker/.rvm/gems/ree-1.8.7-2011.03/gems/sinatra-1.3.2/lib/sinatra/base.rb:1334:in `call'
	/Users/miker/.rvm/gems/ree-1.8.7-2011.03/gems/rack-1.4.0/lib/rack/lint.rb:48:in `_call'
	/Users/miker/.rvm/gems/ree-1.8.7-2011.03/gems/rack-1.4.0/lib/rack/lint.rb:36:in `call'
	/Users/miker/.rvm/gems/ree-1.8.7-2011.03/gems/rack-1.4.0/lib/rack/showexceptions.rb:24:in `call'
	/Users/miker/.rvm/gems/ree-1.8.7-2011.03/gems/rack-1.4.0/lib/rack/commonlogger.rb:20:in `call'
	/Users/miker/.rvm/gems/ree-1.8.7-2011.03/gems/rack-1.4.0/lib/rack/chunked.rb:43:in `call'
	/Users/miker/.rvm/gems/ree-1.8.7-2011.03/gems/rack-1.4.0/lib/rack/content_length.rb:14:in `call'
	/Users/miker/.rvm/gems/ree-1.8.7-2011.03/gems/rack-1.4.0/lib/rack/handler/webrick.rb:59:in `service'
	/Users/miker/.rvm/rubies/ree-1.8.7-2011.03/lib/ruby/1.8/webrick/httpserver.rb:104:in `service'
	/Users/miker/.rvm/rubies/ree-1.8.7-2011.03/lib/ruby/1.8/webrick/httpserver.rb:65:in `run'
	/Users/miker/.rvm/rubies/ree-1.8.7-2011.03/lib/ruby/1.8/webrick/server.rb:173:in `start_thread'
	/Users/miker/.rvm/rubies/ree-1.8.7-2011.03/lib/ruby/1.8/webrick/server.rb:162:in `start'
	/Users/miker/.rvm/rubies/ree-1.8.7-2011.03/lib/ruby/1.8/webrick/server.rb:162:in `start_thread'
	/Users/miker/.rvm/rubies/ree-1.8.7-2011.03/lib/ruby/1.8/webrick/server.rb:95:in `start'
	/Users/miker/.rvm/rubies/ree-1.8.7-2011.03/lib/ruby/1.8/webrick/server.rb:92:in `each'
	/Users/miker/.rvm/rubies/ree-1.8.7-2011.03/lib/ruby/1.8/webrick/server.rb:92:in `start'
	/Users/miker/.rvm/rubies/ree-1.8.7-2011.03/lib/ruby/1.8/webrick/server.rb:23:in `start'
	/Users/miker/.rvm/rubies/ree-1.8.7-2011.03/lib/ruby/1.8/webrick/server.rb:82:in `start'
	/Users/miker/.rvm/gems/ree-1.8.7-2011.03/gems/rack-1.4.0/lib/rack/handler/webrick.rb:13:in `run'
	/Users/miker/.rvm/gems/ree-1.8.7-2011.03/gems/rack-1.4.0/lib/rack/server.rb:265:in `start'
	/Users/miker/.rvm/gems/ree-1.8.7-2011.03/gems/rack-1.4.0/lib/rack/server.rb:137:in `start'
	/Users/miker/.rvm/gems/ree-1.8.7-2011.03/gems/rack-1.4.0/bin/rackup:4
	/Users/miker/.rvm/gems/ree-1.8.7-2011.03/bin/rackup:19:in `load'
	/Users/miker/.rvm/gems/ree-1.8.7-2011.03/bin/rackup:19
127.0.0.1 - - [24/Feb/2012 15:02:10] "GET / HTTP/1.1" 500 150980 0.0956
127.0.0.1 - - [24/Feb/2012 15:02:10] "GET /__sinatra__/500.png HTTP/1.1" 304 - 0.0055
[2012-02-24 15:02:27] INFO  going to shutdown ...
[2012-02-24 15:02:27] INFO  WEBrick::HTTPServer#start done.
[2012-02-24 15:04:40] INFO  WEBrick 1.3.1
[2012-02-24 15:04:40] INFO  ruby 1.8.7 (2011-02-18) [i686-darwin10.8.0]
[2012-02-24 15:04:40] INFO  WEBrick::HTTPServer#start: pid=16677 port=9292
127.0.0.1 - - [24/Feb/2012 15:04:40] "GET / HTTP/1.1" 200 2734 0.0485
127.0.0.1 - - [24/Feb/2012 15:04:41] "GET /css/style.css HTTP/1.1" 304 - 0.0025
127.0.0.1 - - [24/Feb/2012 15:04:41] "GET /js/libs/modernizr-2.5.3.min.js HTTP/1.1" 304 - 0.0012
127.0.0.1 - - [24/Feb/2012 15:04:41] "GET /js/plugins.js HTTP/1.1" 304 - 0.0019
127.0.0.1 - - [24/Feb/2012 15:04:41] "GET /js/script.js HTTP/1.1" 304 - 0.0014
127.0.0.1 - - [24/Feb/2012 15:04:54] "GET / HTTP/1.1" 200 2757 0.0058
127.0.0.1 - - [24/Feb/2012 15:04:54] "GET /css/style.css HTTP/1.1" 304 - 0.0018
127.0.0.1 - - [24/Feb/2012 15:04:54] "GET /js/libs/modernizr-2.5.3.min.js HTTP/1.1" 304 - 0.0026
127.0.0.1 - - [24/Feb/2012 15:04:54] "GET /js/plugins.js HTTP/1.1" 304 - 0.0020
127.0.0.1 - - [24/Feb/2012 15:04:54] "GET /js/script.js HTTP/1.1" 304 - 0.0020
127.0.0.1 - - [24/Feb/2012 15:04:59] "GET / HTTP/1.1" 200 2757 0.0066
127.0.0.1 - - [24/Feb/2012 15:04:59] "GET /css/style.css HTTP/1.1" 304 - 0.0020
127.0.0.1 - - [24/Feb/2012 15:04:59] "GET /js/libs/modernizr-2.5.3.min.js HTTP/1.1" 304 - 0.0017
127.0.0.1 - - [24/Feb/2012 15:04:59] "GET /js/script.js HTTP/1.1" 304 - 0.0013
127.0.0.1 - - [24/Feb/2012 15:04:59] "GET /js/plugins.js HTTP/1.1" 304 - 0.0033
127.0.0.1 - - [24/Feb/2012 15:05:02] "GET / HTTP/1.1" 200 2757 0.0065
127.0.0.1 - - [24/Feb/2012 15:05:02] "GET /css/style.css HTTP/1.1" 304 - 0.0022
127.0.0.1 - - [24/Feb/2012 15:05:02] "GET /js/libs/modernizr-2.5.3.min.js HTTP/1.1" 304 - 0.0014
127.0.0.1 - - [24/Feb/2012 15:05:02] "GET /js/plugins.js HTTP/1.1" 304 - 0.0023
127.0.0.1 - - [24/Feb/2012 15:05:02] "GET /js/script.js HTTP/1.1" 304 - 0.0022
[2012-02-24 15:05:06] INFO  going to shutdown ...
[2012-02-24 15:05:07] INFO  WEBrick::HTTPServer#start done.
